<?xml version="1.0" encoding="UTF-8"?>
<testng-results ignored="0" total="1" passed="1" failed="0" skipped="0">
  <reporter-output>
  </reporter-output>
  <suite started-at="2025-03-21T16:27:15 IST" name="Default suite" finished-at="2025-03-21T16:27:43 IST" duration-ms="28459">
    <groups>
    </groups>
    <test started-at="2025-03-21T16:27:15 IST" name="Default test" finished-at="2025-03-21T16:27:43 IST" duration-ms="28459">
      <class name="Utils.LoginExcelTC">
        <test-method is-config="true" signature="openBrowser(java.lang.String)[pri:0, instance:Utils.LoginExcelTC@6c0d7c83]" started-at="2025-03-21T16:27:15 IST" name="openBrowser" finished-at="2025-03-21T16:27:30 IST" duration-ms="14955" status="PASS">
          <params>
            <param index="0">
              <value>
                <![CDATA[chrome]]>
              </value>
            </param>
          </params>
          <reporter-output>
          </reporter-output>
        </test-method> <!-- openBrowser -->
        <test-method signature="readDataFromExcel()[pri:0, instance:Utils.LoginExcelTC@6c0d7c83]" started-at="2025-03-21T16:27:30 IST" name="readDataFromExcel" finished-at="2025-03-21T16:27:41 IST" duration-ms="11222" status="PASS">
          <reporter-output>
          </reporter-output>
        </test-method> <!-- readDataFromExcel -->
        <test-method is-config="true" signature="closeBrowser()[pri:0, instance:Utils.LoginExcelTC@6c0d7c83]" started-at="2025-03-21T16:27:41 IST" name="closeBrowser" finished-at="2025-03-21T16:27:43 IST" duration-ms="1898" status="PASS">
          <reporter-output>
          </reporter-output>
        </test-method> <!-- closeBrowser -->
      </class> <!-- Utils.LoginExcelTC -->
    </test> <!-- Default test -->
  </suite> <!-- Default suite -->
</testng-results>
